<?xml version="1.0" encoding="UTF-8"?>
<testng-results ignored="3" total="4" passed="1" failed="0" skipped="0">
  <reporter-output>
  </reporter-output>
  <suite started-at="2021-01-01T15:12:57 NPT" name="Suite" finished-at="2021-01-01T15:12:57 NPT" duration-ms="80">
    <groups>
    </groups>
    <test started-at="2021-01-01T15:12:57 NPT" name="Test" finished-at="2021-01-01T15:12:57 NPT" duration-ms="80">
      <class name="Demo.FirstClass">
        <test-method signature="ThirdTC()[pri:0, instance:Demo.FirstClass@1df82230]" started-at="2021-01-01T15:12:57 NPT" name="ThirdTC" finished-at="2021-01-01T15:12:57 NPT" duration-ms="15" status="PASS">
          <reporter-output>
          </reporter-output>
        </test-method> <!-- ThirdTC -->
      </class> <!-- Demo.FirstClass -->
    </test> <!-- Test -->
  </suite> <!-- Suite -->
</testng-results>
