<?xml version="1.0" encoding="UTF-8"?>
<!-- Generated by org.testng.reporters.JUnitXMLReporter -->
<testsuite ignored="0" hostname="Biplov" failures="0" tests="4" name="Default test" time="0.108" errors="0" timestamp="2021-01-01T15:03:17 NPT">
  <testcase classname="Demo.FirstClass" name="FirstTC" time="0.015"/>
  <testcase classname="Demo.FirstClass" name="FourthTC" time="0.003"/>
  <testcase classname="Demo.FirstClass" name="SecondTC" time="0.005"/>
  <testcase classname="Demo.FirstClass" name="ThirdTC" time="0.006"/>
</testsuite> <!-- Default test -->
