<?xml version="1.0" encoding="UTF-8"?>
<!-- Generated by org.testng.reporters.JUnitXMLReporter -->
<testsuite ignored="3" hostname="Biplov" failures="0" tests="1" name="Test" time="0.08" errors="0" timestamp="2021-01-01T15:12:57 NPT">
  <testcase classname="Demo.FirstClass" name="ThirdTC" time="0.015"/>
  <testcase classname="Demo.FirstClass" name="SecondTC" time="0.0">
    <ignored/>
  </testcase> <!-- SecondTC -->
  <testcase classname="Demo.FirstClass" name="FourthTC" time="0.0">
    <ignored/>
  </testcase> <!-- FourthTC -->
  <testcase classname="Demo.FirstClass" name="FirstTC" time="0.0">
    <ignored/>
  </testcase> <!-- FirstTC -->
</testsuite> <!-- Test -->
